<?xml version="1.0" encoding="UTF-8"?>
<testsuites name="Mocha Tests" time="32.152" tests="20" failures="1">
  <testsuite name="Root Suite" timestamp="2018-01-02T18:14:05" tests="0" failures="0" time="0">
  </testsuite>
  <testsuite name="TEST" timestamp="2018-01-02T18:14:06" tests="13" failures="0" time="24.517000000000003">
    <testcase name="TEST Effettua ricerca indirizzo" time="1.811" classname="Effettua ricerca indirizzo">
    </testcase>
    <testcase name="TEST Carica livelli in legenda" time="0.045" classname="Carica livelli in legenda">
    </testcase>
    <testcase name="TEST Carica mappa in configurazione" time="0.014" classname="Carica mappa in configurazione">
    </testcase>
    <testcase name="TEST Carica livelli in mappa" time="0.009" classname="Carica livelli in mappa">
    </testcase>
    <testcase name="TEST Effettua Info" time="2.565" classname="Effettua Info">
    </testcase>
    <testcase name="TEST Apre Pannello Scheda" time="1.931" classname="Apre Pannello Scheda">
    </testcase>
    <testcase name="TEST Apre Pannello Cataloghi da Legenda" time="3.209" classname="Apre Pannello Cataloghi da Legenda">
    </testcase>
    <testcase name="TEST Apre Pannello Cataloghi da Bottone e carica mappa" time="4.557" classname="Apre Pannello Cataloghi da Bottone e carica mappa">
    </testcase>
    <testcase name="TEST Cancella mappa" time="0.179" classname="Cancella mappa">
    </testcase>
    <testcase name="TEST Apre pannello Download" time="2.39" classname="Apre pannello Download">
    </testcase>
    <testcase name="TEST Apre pannello Trasparenza" time="1.54" classname="Apre pannello Trasparenza">
    </testcase>
    <testcase name="TEST Acquisizione Coordinate" time="1.362" classname="Acquisizione Coordinate">
    </testcase>
    <testcase name="TEST Ricerca livelli" time="4.905" classname="Ricerca livelli">
    </testcase>
  </testsuite>
  <testsuite name="Scuola Digitale" timestamp="2018-01-02T18:14:38" tests="3" failures="0" time="1.159">
    <testcase name="Scuola Digitale Carica livelli in legenda" time="0.106" classname="Carica livelli in legenda">
    </testcase>
    <testcase name="Scuola Digitale Carica mappa in configurazione" time="0.006" classname="Carica mappa in configurazione">
    </testcase>
    <testcase name="Scuola Digitale Effettua ricerca scuola" time="1.047" classname="Effettua ricerca scuola">
    </testcase>
  </testsuite>
  <testsuite name="Geoportale Senza Mappa" timestamp="2018-01-02T18:14:41" tests="3" failures="0" time="1.627">
    <testcase name="Geoportale Senza Mappa Nessun livello in legenda" time="0.022" classname="Nessun livello in legenda">
    </testcase>
    <testcase name="Geoportale Senza Mappa Nessuna mappa in configurazione" time="0.015" classname="Nessuna mappa in configurazione">
    </testcase>
    <testcase name="Geoportale Senza Mappa Pannello Cataloghi è aperto" time="1.59" classname="Pannello Cataloghi è aperto">
    </testcase>
  </testsuite>
  <testsuite name="Download" timestamp="2018-01-02T18:14:44" tests="1" failures="1" time="4.849">
    <testcase name="Download Apre pannello Download" time="4.849" classname="Apre pannello Download">
      <failure><![CDATA[CypressError: Timed out retrying: Expected to find element: '#gv-map-download-email', but never found it.
    at Object.cypressErr (http://srvcarto.regione.liguria.it:8080/__cypress/runner/cypress_runner.js:65969:11)
    at Object.throwErr (http://srvcarto.regione.liguria.it:8080/__cypress/runner/cypress_runner.js:65934:18)
    at Object.throwErrByPath (http://srvcarto.regione.liguria.it:8080/__cypress/runner/cypress_runner.js:65961:17)
    at retry (http://srvcarto.regione.liguria.it:8080/__cypress/runner/cypress_runner.js:60073:16)
    at http://srvcarto.regione.liguria.it:8080/__cypress/runner/cypress_runner.js:52591:18
    at tryCatcher (http://srvcarto.regione.liguria.it:8080/__cypress/runner/cypress_runner.js:6268:23)
    at Promise._settlePromiseFromHandler (http://srvcarto.regione.liguria.it:8080/__cypress/runner/cypress_runner.js:4290:31)
    at Promise._settlePromise (http://srvcarto.regione.liguria.it:8080/__cypress/runner/cypress_runner.js:4347:18)
    at Promise._settlePromise0 (http://srvcarto.regione.liguria.it:8080/__cypress/runner/cypress_runner.js:4392:10)
    at Promise._settlePromises (http://srvcarto.regione.liguria.it:8080/__cypress/runner/cypress_runner.js:4467:18)
    at Async._drainQueue (http://srvcarto.regione.liguria.it:8080/__cypress/runner/cypress_runner.js:1200:16)
    at Async._drainQueues (http://srvcarto.regione.liguria.it:8080/__cypress/runner/cypress_runner.js:1210:10)
    at Async.drainQueues (http://srvcarto.regione.liguria.it:8080/__cypress/runner/cypress_runner.js:1084:14)]]></failure>
    </testcase>
  </testsuite>
</testsuites>